c:\users\user\desktop\secondocean\secondocean\debug\vc142.pdb
c:\users\user\desktop\secondocean\secondocean\debug\vc142.idb
c:\users\user\desktop\secondocean\secondocean\debug\secondocean.obj
c:\users\user\desktop\secondocean\secondocean\debug\prey.obj
c:\users\user\desktop\secondocean\secondocean\debug\predator.obj
c:\users\user\desktop\secondocean\secondocean\debug\obstacle.obj
c:\users\user\desktop\secondocean\secondocean\debug\coordinate.obj
c:\users\user\desktop\secondocean\secondocean\debug\constants.obj
c:\users\user\desktop\secondocean\secondocean\debug\cell.obj
c:\users\user\desktop\secondocean\secondocean\debug\random.obj
c:\users\user\desktop\secondocean\secondocean\debug\oceandisplay.obj
c:\users\user\desktop\secondocean\debug\secondocean.exe
c:\users\user\desktop\secondocean\debug\secondocean.ilk
c:\users\user\desktop\secondocean\debug\secondocean.pdb
c:\users\user\desktop\secondocean\secondocean\debug\secondocean.tlog\cl.command.1.tlog
c:\users\user\desktop\secondocean\secondocean\debug\secondocean.tlog\cl.read.1.tlog
c:\users\user\desktop\secondocean\secondocean\debug\secondocean.tlog\cl.write.1.tlog
c:\users\user\desktop\secondocean\secondocean\debug\secondocean.tlog\link.command.1.tlog
c:\users\user\desktop\secondocean\secondocean\debug\secondocean.tlog\link.read.1.tlog
c:\users\user\desktop\secondocean\secondocean\debug\secondocean.tlog\link.write.1.tlog
